<?xml version="1.0" encoding="UTF-8"?>
<testsuite name="com.jojoldu.book.springboot.web.IndexControllerTest" tests="1" skipped="0" failures="0" errors="0" timestamp="2022-08-27T08:09:39" hostname="nohyeonhaui-MacBookPro.local" time="0.141">
  <properties/>
  <testcase name="메인페이지_로딩" classname="com.jojoldu.book.springboot.web.IndexControllerTest" time="0.141"/>
  <system-out><![CDATA[2022-08-27 17:09:38.203  INFO 2619 --- [    Test worker] .b.t.c.SpringBootTestContextBootstrapper : Neither @ContextConfiguration nor @ContextHierarchy found for test class [com.jojoldu.book.springboot.web.IndexControllerTest], using SpringBootContextLoader
2022-08-27 17:09:38.203  INFO 2619 --- [    Test worker] o.s.t.c.support.AbstractContextLoader    : Could not detect default resource locations for test class [com.jojoldu.book.springboot.web.IndexControllerTest]: no resource found for suffixes {-context.xml, Context.groovy}.
2022-08-27 17:09:38.203  INFO 2619 --- [    Test worker] t.c.s.AnnotationConfigContextLoaderUtils : Could not detect default configuration classes for test class [com.jojoldu.book.springboot.web.IndexControllerTest]: IndexControllerTest does not declare any static, non-private, non-final, nested classes annotated with @Configuration.
2022-08-27 17:09:38.204  INFO 2619 --- [    Test worker] .b.t.c.SpringBootTestContextBootstrapper : Found @SpringBootConfiguration com.jojoldu.book.springboot.Application for test class com.jojoldu.book.springboot.web.IndexControllerTest
2022-08-27 17:09:38.204  INFO 2619 --- [    Test worker] .b.t.c.SpringBootTestContextBootstrapper : Loaded default TestExecutionListener class names from location [META-INF/spring.factories]: [org.springframework.security.test.context.support.WithSecurityContextTestExecutionListener, org.springframework.security.test.context.support.ReactorContextTestExecutionListener, org.springframework.boot.test.autoconfigure.restdocs.RestDocsTestExecutionListener, org.springframework.boot.test.autoconfigure.web.client.MockRestServiceServerResetTestExecutionListener, org.springframework.boot.test.autoconfigure.web.servlet.MockMvcPrintOnlyOnFailureTestExecutionListener, org.springframework.boot.test.autoconfigure.web.servlet.WebDriverTestExecutionListener, org.springframework.boot.test.mock.mockito.MockitoTestExecutionListener, org.springframework.boot.test.mock.mockito.ResetMocksTestExecutionListener, org.springframework.test.context.web.ServletTestExecutionListener, org.springframework.test.context.support.DirtiesContextBeforeModesTestExecutionListener, org.springframework.test.context.support.DependencyInjectionTestExecutionListener, org.springframework.test.context.support.DirtiesContextTestExecutionListener, org.springframework.test.context.transaction.TransactionalTestExecutionListener, org.springframework.test.context.jdbc.SqlScriptsTestExecutionListener]
2022-08-27 17:09:38.205  INFO 2619 --- [    Test worker] .b.t.c.SpringBootTestContextBootstrapper : Using TestExecutionListeners: [org.springframework.test.context.web.ServletTestExecutionListener@750457a5, org.springframework.test.context.support.DirtiesContextBeforeModesTestExecutionListener@6c4786af, org.springframework.boot.test.mock.mockito.MockitoTestExecutionListener@65c689e7, org.springframework.boot.test.autoconfigure.SpringBootDependencyInjectionTestExecutionListener@a6a2c20, org.springframework.test.context.support.DirtiesContextTestExecutionListener@5d04fbb7, org.springframework.test.context.transaction.TransactionalTestExecutionListener@da67c46, org.springframework.test.context.jdbc.SqlScriptsTestExecutionListener@5c7e55a4, org.springframework.security.test.context.support.WithSecurityContextTestExecutionListener@7ae6927, org.springframework.security.test.context.support.ReactorContextTestExecutionListener@7d0df326, org.springframework.boot.test.autoconfigure.restdocs.RestDocsTestExecutionListener@43f7f48d, org.springframework.boot.test.autoconfigure.web.client.MockRestServiceServerResetTestExecutionListener@6d0a4a22, org.springframework.boot.test.autoconfigure.web.servlet.MockMvcPrintOnlyOnFailureTestExecutionListener@1999e1f5, org.springframework.boot.test.autoconfigure.web.servlet.WebDriverTestExecutionListener@b1fa523, org.springframework.boot.test.mock.mockito.ResetMocksTestExecutionListener@77307b51]

  .   ____          _            __ _ _
 /\\ / ___'_ __ _ _(_)_ __  __ _ \ \ \ \
( ( )\___ | '_ | '_| | '_ \/ _` | \ \ \ \
 \\/  ___)| |_)| | | | | || (_| |  ) ) ) )
  '  |____| .__|_| |_|_| |_\__, | / / / /
 =========|_|==============|___/=/_/_/_/
 :: Spring Boot ::        (v2.1.7.RELEASE)

2022-08-27 17:09:38.219  INFO 2619 --- [    Test worker] c.j.b.s.web.IndexControllerTest          : Starting IndexControllerTest on nohyeonhaui-MacBookPro.local with PID 2619 (started by nohyunha in /Users/nohyunha/Documents/dev/freelec-springboot2-webservice)
2022-08-27 17:09:38.219  INFO 2619 --- [    Test worker] c.j.b.s.web.IndexControllerTest          : No active profile set, falling back to default profiles: default
2022-08-27 17:09:38.312  INFO 2619 --- [    Test worker] .s.d.r.c.RepositoryConfigurationDelegate : Bootstrapping Spring Data repositories in DEFAULT mode.
2022-08-27 17:09:38.319  INFO 2619 --- [    Test worker] .s.d.r.c.RepositoryConfigurationDelegate : Finished Spring Data repository scanning in 7ms. Found 2 repository interfaces.
2022-08-27 17:09:38.364  INFO 2619 --- [    Test worker] trationDelegate$BeanPostProcessorChecker : Bean 'org.springframework.transaction.annotation.ProxyTransactionManagementConfiguration' of type [org.springframework.transaction.annotation.ProxyTransactionManagementConfiguration$$EnhancerBySpringCGLIB$$f3d6ab4b] is not eligible for getting processed by all BeanPostProcessors (for example: not eligible for auto-proxying)
2022-08-27 17:09:38.500  INFO 2619 --- [    Test worker] o.s.b.w.embedded.tomcat.TomcatWebServer  : Tomcat initialized with port(s): 0 (http)
2022-08-27 17:09:38.521  INFO 2619 --- [    Test worker] o.apache.catalina.core.StandardService   : Starting service [Tomcat]
2022-08-27 17:09:38.521  INFO 2619 --- [    Test worker] org.apache.catalina.core.StandardEngine  : Starting Servlet engine: [Apache Tomcat/9.0.22]
2022-08-27 17:09:38.604  INFO 2619 --- [    Test worker] o.a.c.c.C.[Tomcat].[localhost].[/]       : Initializing Spring embedded WebApplicationContext
2022-08-27 17:09:38.604  INFO 2619 --- [    Test worker] o.s.web.context.ContextLoader            : Root WebApplicationContext: initialization completed in 384 ms
2022-08-27 17:09:38.694  INFO 2619 --- [    Test worker] com.zaxxer.hikari.HikariDataSource       : HikariPool-2 - Starting...
2022-08-27 17:09:38.694  INFO 2619 --- [    Test worker] com.zaxxer.hikari.HikariDataSource       : HikariPool-2 - Start completed.
2022-08-27 17:09:38.710  INFO 2619 --- [    Test worker] o.hibernate.jpa.internal.util.LogHelper  : HHH000204: Processing PersistenceUnitInfo [
	name: default
	...]
2022-08-27 17:09:38.715  INFO 2619 --- [    Test worker] org.hibernate.dialect.Dialect            : HHH000400: Using dialect: org.hibernate.dialect.MySQL5InnoDBDialect
Hibernate: drop table if exists posts
Hibernate: drop table if exists user
Hibernate: create table posts (id bigint not null auto_increment, created_date datetime, modified_date datetime, author varchar(255), content TEXT not null, title varchar(500) not null, primary key (id)) engine=InnoDB
Hibernate: create table user (id bigint not null auto_increment, created_date datetime, modified_date datetime, email varchar(255) not null, name varchar(255) not null, picture varchar(255), role varchar(255) not null, primary key (id)) engine=InnoDB
2022-08-27 17:09:38.755  INFO 2619 --- [    Test worker] o.h.t.schema.internal.SchemaCreatorImpl  : HHH000476: Executing import script 'org.hibernate.tool.schema.internal.exec.ScriptSourceInputNonExistentImpl@6b3f4bd8'
2022-08-27 17:09:38.755  INFO 2619 --- [    Test worker] j.LocalContainerEntityManagerFactoryBean : Initialized JPA EntityManagerFactory for persistence unit 'default'
2022-08-27 17:09:38.909  INFO 2619 --- [    Test worker] o.h.h.i.QueryTranslatorFactoryInitiator  : HHH000397: Using ASTQueryTranslatorFactory
2022-08-27 17:09:38.982  INFO 2619 --- [    Test worker] o.s.s.web.DefaultSecurityFilterChain     : Creating filter chain: any request, [org.springframework.security.web.context.request.async.WebAsyncManagerIntegrationFilter@51b11186, org.springframework.security.web.context.SecurityContextPersistenceFilter@123426a9, org.springframework.security.web.header.HeaderWriterFilter@37c45154, org.springframework.security.web.authentication.logout.LogoutFilter@3083e6ef, org.springframework.security.oauth2.client.web.OAuth2AuthorizationRequestRedirectFilter@135a8808, org.springframework.security.oauth2.client.web.OAuth2LoginAuthenticationFilter@57abe94d, org.springframework.security.web.authentication.ui.DefaultLoginPageGeneratingFilter@3b1895e, org.springframework.security.web.authentication.ui.DefaultLogoutPageGeneratingFilter@5d957cf0, org.springframework.security.web.savedrequest.RequestCacheAwareFilter@4353db40, org.springframework.security.web.servletapi.SecurityContextHolderAwareRequestFilter@56887c8f, org.springframework.security.web.authentication.AnonymousAuthenticationFilter@1a48a582, org.springframework.security.web.session.SessionManagementFilter@55300b93, org.springframework.security.web.access.ExceptionTranslationFilter@3a7d6976, org.springframework.security.web.access.intercept.FilterSecurityInterceptor@2d94279f]
2022-08-27 17:09:39.080  INFO 2619 --- [    Test worker] o.s.s.concurrent.ThreadPoolTaskExecutor  : Initializing ExecutorService 'applicationTaskExecutor'
2022-08-27 17:09:39.087  WARN 2619 --- [    Test worker] aWebConfiguration$JpaWebMvcConfiguration : spring.jpa.open-in-view is enabled by default. Therefore, database queries may be performed during view rendering. Explicitly configure spring.jpa.open-in-view to disable this warning
2022-08-27 17:09:39.101  INFO 2619 --- [    Test worker] o.s.b.a.w.s.WelcomePageHandlerMapping    : Adding welcome page template: index
2022-08-27 17:09:39.230  INFO 2619 --- [    Test worker] s.a.ScheduledAnnotationBeanPostProcessor : No TaskScheduler/ScheduledExecutorService bean found for scheduled processing
2022-08-27 17:09:39.244  INFO 2619 --- [    Test worker] o.s.b.w.embedded.tomcat.TomcatWebServer  : Tomcat started on port(s): 50115 (http) with context path ''
2022-08-27 17:09:39.245  INFO 2619 --- [    Test worker] c.j.b.s.web.IndexControllerTest          : Started IndexControllerTest in 1.039 seconds (JVM running for 6.345)
2022-08-27 17:09:39.326  INFO 2619 --- [o-auto-1-exec-1] o.a.c.c.C.[Tomcat].[localhost].[/]       : Initializing Spring DispatcherServlet 'dispatcherServlet'
2022-08-27 17:09:39.326  INFO 2619 --- [o-auto-1-exec-1] o.s.web.servlet.DispatcherServlet        : Initializing Servlet 'dispatcherServlet'
2022-08-27 17:09:39.335  INFO 2619 --- [o-auto-1-exec-1] o.s.web.servlet.DispatcherServlet        : Completed initialization in 9 ms
Hibernate: select posts0_.id as id1_0_, posts0_.created_date as created_2_0_, posts0_.modified_date as modified3_0_, posts0_.author as author4_0_, posts0_.content as content5_0_, posts0_.title as title6_0_ from posts posts0_ order by posts0_.id desc
]]></system-out>
  <system-err><![CDATA[]]></system-err>
</testsuite>
